<?xml version="1.0" encoding="UTF-8"?>
<testsuite xmlns:xsi="http://www.w3.org/2001/XMLSchema-instance" xsi:noNamespaceSchemaLocation="https://maven.apache.org/surefire/maven-surefire-plugin/xsd/surefire-test-report.xsd" name="com.test.step.definitions.RunCukesTest" time="0.583" tests="4" errors="0" skipped="3" failures="0">
  <properties>
    <property name="gopherProxySet" value="false"/>
    <property name="awt.toolkit" value="sun.lwawt.macosx.LWCToolkit"/>
    <property name="file.encoding.pkg" value="sun.io"/>
    <property name="java.specification.version" value="1.8"/>
    <property name="sun.cpu.isalist" value=""/>
    <property name="sun.jnu.encoding" value="UTF-8"/>
    <property name="java.class.path" value="/Users/ramukunireddy/Documents/bdd-automation/bdd-java-selenium/target/test-classes:/Users/ramukunireddy/Documents/bdd-automation/bdd-java-selenium/target/classes:/Users/ramukunireddy/.m2/repository/info/cukes/cucumber-java/1.2.5/cucumber-java-1.2.5.jar:/Users/ramukunireddy/.m2/repository/info/cukes/cucumber-core/1.2.5/cucumber-core-1.2.5.jar:/Users/ramukunireddy/.m2/repository/info/cukes/cucumber-html/0.2.3/cucumber-html-0.2.3.jar:/Users/ramukunireddy/.m2/repository/info/cukes/cucumber-jvm-deps/1.0.5/cucumber-jvm-deps-1.0.5.jar:/Users/ramukunireddy/.m2/repository/info/cukes/gherkin/2.12.2/gherkin-2.12.2.jar:/Users/ramukunireddy/.m2/repository/info/cukes/cucumber-junit/1.2.5/cucumber-junit-1.2.5.jar:/Users/ramukunireddy/.m2/repository/junit/junit/4.12/junit-4.12.jar:/Users/ramukunireddy/.m2/repository/org/hamcrest/hamcrest-core/1.3/hamcrest-core-1.3.jar:/Users/ramukunireddy/.m2/repository/org/seleniumhq/selenium/selenium-java/3.11.0/selenium-java-3.11.0.jar:/Users/ramukunireddy/.m2/repository/org/seleniumhq/selenium/selenium-api/3.11.0/selenium-api-3.11.0.jar:/Users/ramukunireddy/.m2/repository/org/seleniumhq/selenium/selenium-chrome-driver/3.11.0/selenium-chrome-driver-3.11.0.jar:/Users/ramukunireddy/.m2/repository/org/seleniumhq/selenium/selenium-edge-driver/3.11.0/selenium-edge-driver-3.11.0.jar:/Users/ramukunireddy/.m2/repository/org/seleniumhq/selenium/selenium-firefox-driver/3.11.0/selenium-firefox-driver-3.11.0.jar:/Users/ramukunireddy/.m2/repository/org/seleniumhq/selenium/selenium-ie-driver/3.11.0/selenium-ie-driver-3.11.0.jar:/Users/ramukunireddy/.m2/repository/org/seleniumhq/selenium/selenium-opera-driver/3.11.0/selenium-opera-driver-3.11.0.jar:/Users/ramukunireddy/.m2/repository/org/seleniumhq/selenium/selenium-remote-driver/3.11.0/selenium-remote-driver-3.11.0.jar:/Users/ramukunireddy/.m2/repository/org/seleniumhq/selenium/selenium-safari-driver/3.11.0/selenium-safari-driver-3.11.0.jar:/Users/ramukunireddy/.m2/repository/org/seleniumhq/selenium/selenium-support/3.11.0/selenium-support-3.11.0.jar:/Users/ramukunireddy/.m2/repository/net/bytebuddy/byte-buddy/1.7.9/byte-buddy-1.7.9.jar:/Users/ramukunireddy/.m2/repository/org/apache/commons/commons-exec/1.3/commons-exec-1.3.jar:/Users/ramukunireddy/.m2/repository/commons-codec/commons-codec/1.10/commons-codec-1.10.jar:/Users/ramukunireddy/.m2/repository/commons-logging/commons-logging/1.2/commons-logging-1.2.jar:/Users/ramukunireddy/.m2/repository/com/google/code/gson/gson/2.8.2/gson-2.8.2.jar:/Users/ramukunireddy/.m2/repository/org/apache/httpcomponents/httpclient/4.5.3/httpclient-4.5.3.jar:/Users/ramukunireddy/.m2/repository/org/apache/httpcomponents/httpcore/4.4.6/httpcore-4.4.6.jar:/Users/ramukunireddy/.m2/repository/com/squareup/okhttp3/okhttp/3.9.1/okhttp-3.9.1.jar:/Users/ramukunireddy/.m2/repository/com/squareup/okio/okio/1.13.0/okio-1.13.0.jar:/Users/ramukunireddy/.m2/repository/log4j/log4j/1.2.17/log4j-1.2.17.jar:/Users/ramukunireddy/.m2/repository/org/apache/ant/ant/1.7.0/ant-1.7.0.jar:/Users/ramukunireddy/.m2/repository/org/apache/ant/ant-launcher/1.7.0/ant-launcher-1.7.0.jar:/Users/ramukunireddy/.m2/repository/org/codehaus/sonar/sonar-maven-plugin/4.5.4/sonar-maven-plugin-4.5.4.jar:/Users/ramukunireddy/.m2/repository/org/apache/maven/shared/maven-dependency-tree/2.1/maven-dependency-tree-2.1.jar:/Users/ramukunireddy/.m2/repository/org/apache/maven/maven-project/2.2.0/maven-project-2.2.0.jar:/Users/ramukunireddy/.m2/repository/org/apache/maven/maven-settings/2.2.0/maven-settings-2.2.0.jar:/Users/ramukunireddy/.m2/repository/org/apache/maven/maven-profile/2.2.0/maven-profile-2.2.0.jar:/Users/ramukunireddy/.m2/repository/org/apache/maven/maven-model/2.2.0/maven-model-2.2.0.jar:/Users/ramukunireddy/.m2/repository/org/apache/maven/maven-artifact-manager/2.2.0/maven-artifact-manager-2.2.0.jar:/Users/ramukunireddy/.m2/repository/org/apache/maven/maven-repository-metadata/2.2.0/maven-repository-metadata-2.2.0.jar:/Users/ramukunireddy/.m2/repository/org/apache/maven/wagon/wagon-provider-api/1.0-beta-6/wagon-provider-api-1.0-beta-6.jar:/Users/ramukunireddy/.m2/repository/backport-util-concurrent/backport-util-concurrent/3.1/backport-util-concurrent-3.1.jar:/Users/ramukunireddy/.m2/repository/org/apache/maven/maven-plugin-registry/2.2.0/maven-plugin-registry-2.2.0.jar:/Users/ramukunireddy/.m2/repository/org/codehaus/plexus/plexus-interpolation/1.11/plexus-interpolation-1.11.jar:/Users/ramukunireddy/.m2/repository/org/codehaus/plexus/plexus-utils/1.5.15/plexus-utils-1.5.15.jar:/Users/ramukunireddy/.m2/repository/org/apache/maven/maven-artifact/2.2.0/maven-artifact-2.2.0.jar:/Users/ramukunireddy/.m2/repository/org/codehaus/plexus/plexus-container-default/1.0-alpha-9-stable-1/plexus-container-default-1.0-alpha-9-stable-1.jar:/Users/ramukunireddy/.m2/repository/org/codehaus/plexus/plexus-component-annotations/1.5.5/plexus-component-annotations-1.5.5.jar:/Users/ramukunireddy/.m2/repository/org/eclipse/aether/aether-util/0.9.0.M2/aether-util-0.9.0.M2.jar:/Users/ramukunireddy/.m2/repository/org/codehaus/sonar/runner/sonar-runner-api/2.4/sonar-runner-api-2.4.jar:/Users/ramukunireddy/.m2/repository/org/jsoup/jsoup/1.10.2/jsoup-1.10.2.jar:/Users/ramukunireddy/.m2/repository/com/google/guava/guava/24.0-jre/guava-24.0-jre.jar:/Users/ramukunireddy/.m2/repository/com/google/code/findbugs/jsr305/1.3.9/jsr305-1.3.9.jar:/Users/ramukunireddy/.m2/repository/org/checkerframework/checker-compat-qual/2.0.0/checker-compat-qual-2.0.0.jar:/Users/ramukunireddy/.m2/repository/com/google/errorprone/error_prone_annotations/2.1.3/error_prone_annotations-2.1.3.jar:/Users/ramukunireddy/.m2/repository/com/google/j2objc/j2objc-annotations/1.1/j2objc-annotations-1.1.jar:/Users/ramukunireddy/.m2/repository/org/codehaus/mojo/animal-sniffer-annotations/1.14/animal-sniffer-annotations-1.14.jar:/Users/ramukunireddy/.m2/repository/commons-fileupload/commons-fileupload/1.3.3/commons-fileupload-1.3.3.jar:/Users/ramukunireddy/.m2/repository/commons-io/commons-io/2.2/commons-io-2.2.jar:"/>
    <property name="java.vm.vendor" value="Oracle Corporation"/>
    <property name="sun.arch.data.model" value="64"/>
    <property name="java.vendor.url" value="http://java.oracle.com/"/>
    <property name="user.timezone" value=""/>
    <property name="java.vm.specification.version" value="1.8"/>
    <property name="os.name" value="Mac OS X"/>
    <property name="user.country" value="US"/>
    <property name="sun.java.launcher" value="SUN_STANDARD"/>
    <property name="sun.boot.library.path" value="/Library/Java/JavaVirtualMachines/jdk1.8.0_60.jdk/Contents/Home/jre/lib"/>
    <property name="sun.java.command" value="/Users/ramukunireddy/Documents/bdd-automation/bdd-java-selenium/target/surefire/surefirebooter981288774794468407.jar /Users/ramukunireddy/Documents/bdd-automation/bdd-java-selenium/target/surefire 2020-08-13T18-26-29_237-jvmRun1 surefire8533566746858809159tmp surefire_0515333197336582389tmp"/>
    <property name="http.nonProxyHosts" value="local|*.local|169.254/16|*.169.254/16"/>
    <property name="surefire.test.class.path" value="/Users/ramukunireddy/Documents/bdd-automation/bdd-java-selenium/target/test-classes:/Users/ramukunireddy/Documents/bdd-automation/bdd-java-selenium/target/classes:/Users/ramukunireddy/.m2/repository/info/cukes/cucumber-java/1.2.5/cucumber-java-1.2.5.jar:/Users/ramukunireddy/.m2/repository/info/cukes/cucumber-core/1.2.5/cucumber-core-1.2.5.jar:/Users/ramukunireddy/.m2/repository/info/cukes/cucumber-html/0.2.3/cucumber-html-0.2.3.jar:/Users/ramukunireddy/.m2/repository/info/cukes/cucumber-jvm-deps/1.0.5/cucumber-jvm-deps-1.0.5.jar:/Users/ramukunireddy/.m2/repository/info/cukes/gherkin/2.12.2/gherkin-2.12.2.jar:/Users/ramukunireddy/.m2/repository/info/cukes/cucumber-junit/1.2.5/cucumber-junit-1.2.5.jar:/Users/ramukunireddy/.m2/repository/junit/junit/4.12/junit-4.12.jar:/Users/ramukunireddy/.m2/repository/org/hamcrest/hamcrest-core/1.3/hamcrest-core-1.3.jar:/Users/ramukunireddy/.m2/repository/org/seleniumhq/selenium/selenium-java/3.11.0/selenium-java-3.11.0.jar:/Users/ramukunireddy/.m2/repository/org/seleniumhq/selenium/selenium-api/3.11.0/selenium-api-3.11.0.jar:/Users/ramukunireddy/.m2/repository/org/seleniumhq/selenium/selenium-chrome-driver/3.11.0/selenium-chrome-driver-3.11.0.jar:/Users/ramukunireddy/.m2/repository/org/seleniumhq/selenium/selenium-edge-driver/3.11.0/selenium-edge-driver-3.11.0.jar:/Users/ramukunireddy/.m2/repository/org/seleniumhq/selenium/selenium-firefox-driver/3.11.0/selenium-firefox-driver-3.11.0.jar:/Users/ramukunireddy/.m2/repository/org/seleniumhq/selenium/selenium-ie-driver/3.11.0/selenium-ie-driver-3.11.0.jar:/Users/ramukunireddy/.m2/repository/org/seleniumhq/selenium/selenium-opera-driver/3.11.0/selenium-opera-driver-3.11.0.jar:/Users/ramukunireddy/.m2/repository/org/seleniumhq/selenium/selenium-remote-driver/3.11.0/selenium-remote-driver-3.11.0.jar:/Users/ramukunireddy/.m2/repository/org/seleniumhq/selenium/selenium-safari-driver/3.11.0/selenium-safari-driver-3.11.0.jar:/Users/ramukunireddy/.m2/repository/org/seleniumhq/selenium/selenium-support/3.11.0/selenium-support-3.11.0.jar:/Users/ramukunireddy/.m2/repository/net/bytebuddy/byte-buddy/1.7.9/byte-buddy-1.7.9.jar:/Users/ramukunireddy/.m2/repository/org/apache/commons/commons-exec/1.3/commons-exec-1.3.jar:/Users/ramukunireddy/.m2/repository/commons-codec/commons-codec/1.10/commons-codec-1.10.jar:/Users/ramukunireddy/.m2/repository/commons-logging/commons-logging/1.2/commons-logging-1.2.jar:/Users/ramukunireddy/.m2/repository/com/google/code/gson/gson/2.8.2/gson-2.8.2.jar:/Users/ramukunireddy/.m2/repository/org/apache/httpcomponents/httpclient/4.5.3/httpclient-4.5.3.jar:/Users/ramukunireddy/.m2/repository/org/apache/httpcomponents/httpcore/4.4.6/httpcore-4.4.6.jar:/Users/ramukunireddy/.m2/repository/com/squareup/okhttp3/okhttp/3.9.1/okhttp-3.9.1.jar:/Users/ramukunireddy/.m2/repository/com/squareup/okio/okio/1.13.0/okio-1.13.0.jar:/Users/ramukunireddy/.m2/repository/log4j/log4j/1.2.17/log4j-1.2.17.jar:/Users/ramukunireddy/.m2/repository/org/apache/ant/ant/1.7.0/ant-1.7.0.jar:/Users/ramukunireddy/.m2/repository/org/apache/ant/ant-launcher/1.7.0/ant-launcher-1.7.0.jar:/Users/ramukunireddy/.m2/repository/org/codehaus/sonar/sonar-maven-plugin/4.5.4/sonar-maven-plugin-4.5.4.jar:/Users/ramukunireddy/.m2/repository/org/apache/maven/shared/maven-dependency-tree/2.1/maven-dependency-tree-2.1.jar:/Users/ramukunireddy/.m2/repository/org/apache/maven/maven-project/2.2.0/maven-project-2.2.0.jar:/Users/ramukunireddy/.m2/repository/org/apache/maven/maven-settings/2.2.0/maven-settings-2.2.0.jar:/Users/ramukunireddy/.m2/repository/org/apache/maven/maven-profile/2.2.0/maven-profile-2.2.0.jar:/Users/ramukunireddy/.m2/repository/org/apache/maven/maven-model/2.2.0/maven-model-2.2.0.jar:/Users/ramukunireddy/.m2/repository/org/apache/maven/maven-artifact-manager/2.2.0/maven-artifact-manager-2.2.0.jar:/Users/ramukunireddy/.m2/repository/org/apache/maven/maven-repository-metadata/2.2.0/maven-repository-metadata-2.2.0.jar:/Users/ramukunireddy/.m2/repository/org/apache/maven/wagon/wagon-provider-api/1.0-beta-6/wagon-provider-api-1.0-beta-6.jar:/Users/ramukunireddy/.m2/repository/backport-util-concurrent/backport-util-concurrent/3.1/backport-util-concurrent-3.1.jar:/Users/ramukunireddy/.m2/repository/org/apache/maven/maven-plugin-registry/2.2.0/maven-plugin-registry-2.2.0.jar:/Users/ramukunireddy/.m2/repository/org/codehaus/plexus/plexus-interpolation/1.11/plexus-interpolation-1.11.jar:/Users/ramukunireddy/.m2/repository/org/codehaus/plexus/plexus-utils/1.5.15/plexus-utils-1.5.15.jar:/Users/ramukunireddy/.m2/repository/org/apache/maven/maven-artifact/2.2.0/maven-artifact-2.2.0.jar:/Users/ramukunireddy/.m2/repository/org/codehaus/plexus/plexus-container-default/1.0-alpha-9-stable-1/plexus-container-default-1.0-alpha-9-stable-1.jar:/Users/ramukunireddy/.m2/repository/org/codehaus/plexus/plexus-component-annotations/1.5.5/plexus-component-annotations-1.5.5.jar:/Users/ramukunireddy/.m2/repository/org/eclipse/aether/aether-util/0.9.0.M2/aether-util-0.9.0.M2.jar:/Users/ramukunireddy/.m2/repository/org/codehaus/sonar/runner/sonar-runner-api/2.4/sonar-runner-api-2.4.jar:/Users/ramukunireddy/.m2/repository/org/jsoup/jsoup/1.10.2/jsoup-1.10.2.jar:/Users/ramukunireddy/.m2/repository/com/google/guava/guava/24.0-jre/guava-24.0-jre.jar:/Users/ramukunireddy/.m2/repository/com/google/code/findbugs/jsr305/1.3.9/jsr305-1.3.9.jar:/Users/ramukunireddy/.m2/repository/org/checkerframework/checker-compat-qual/2.0.0/checker-compat-qual-2.0.0.jar:/Users/ramukunireddy/.m2/repository/com/google/errorprone/error_prone_annotations/2.1.3/error_prone_annotations-2.1.3.jar:/Users/ramukunireddy/.m2/repository/com/google/j2objc/j2objc-annotations/1.1/j2objc-annotations-1.1.jar:/Users/ramukunireddy/.m2/repository/org/codehaus/mojo/animal-sniffer-annotations/1.14/animal-sniffer-annotations-1.14.jar:/Users/ramukunireddy/.m2/repository/commons-fileupload/commons-fileupload/1.3.3/commons-fileupload-1.3.3.jar:/Users/ramukunireddy/.m2/repository/commons-io/commons-io/2.2/commons-io-2.2.jar:"/>
    <property name="sun.cpu.endian" value="little"/>
    <property name="user.home" value="/Users/ramukunireddy"/>
    <property name="user.language" value="en"/>
    <property name="java.specification.vendor" value="Oracle Corporation"/>
    <property name="java.home" value="/Library/Java/JavaVirtualMachines/jdk1.8.0_60.jdk/Contents/Home/jre"/>
    <property name="basedir" value="/Users/ramukunireddy/Documents/bdd-automation/bdd-java-selenium"/>
    <property name="file.separator" value="/"/>
    <property name="line.separator" value="&#10;"/>
    <property name="java.vm.specification.vendor" value="Oracle Corporation"/>
    <property name="java.specification.name" value="Java Platform API Specification"/>
    <property name="java.awt.graphicsenv" value="sun.awt.CGraphicsEnvironment"/>
    <property name="surefire.real.class.path" value="/Users/ramukunireddy/Documents/bdd-automation/bdd-java-selenium/target/surefire/surefirebooter981288774794468407.jar"/>
    <property name="sun.boot.class.path" value="/Library/Java/JavaVirtualMachines/jdk1.8.0_60.jdk/Contents/Home/jre/lib/resources.jar:/Library/Java/JavaVirtualMachines/jdk1.8.0_60.jdk/Contents/Home/jre/lib/rt.jar:/Library/Java/JavaVirtualMachines/jdk1.8.0_60.jdk/Contents/Home/jre/lib/sunrsasign.jar:/Library/Java/JavaVirtualMachines/jdk1.8.0_60.jdk/Contents/Home/jre/lib/jsse.jar:/Library/Java/JavaVirtualMachines/jdk1.8.0_60.jdk/Contents/Home/jre/lib/jce.jar:/Library/Java/JavaVirtualMachines/jdk1.8.0_60.jdk/Contents/Home/jre/lib/charsets.jar:/Library/Java/JavaVirtualMachines/jdk1.8.0_60.jdk/Contents/Home/jre/lib/jfr.jar:/Library/Java/JavaVirtualMachines/jdk1.8.0_60.jdk/Contents/Home/jre/classes"/>
    <property name="sun.management.compiler" value="HotSpot 64-Bit Tiered Compilers"/>
    <property name="ftp.nonProxyHosts" value="local|*.local|169.254/16|*.169.254/16"/>
    <property name="java.runtime.version" value="1.8.0_60-b27"/>
    <property name="user.name" value="ramukunireddy"/>
    <property name="path.separator" value=":"/>
    <property name="os.version" value="10.15.5"/>
    <property name="java.endorsed.dirs" value="/Library/Java/JavaVirtualMachines/jdk1.8.0_60.jdk/Contents/Home/jre/lib/endorsed"/>
    <property name="java.runtime.name" value="Java(TM) SE Runtime Environment"/>
    <property name="file.encoding" value="UTF-8"/>
    <property name="java.vm.name" value="Java HotSpot(TM) 64-Bit Server VM"/>
    <property name="localRepository" value="/Users/ramukunireddy/.m2/repository"/>
    <property name="java.vendor.url.bug" value="http://bugreport.sun.com/bugreport/"/>
    <property name="java.io.tmpdir" value="/var/folders/mr/2xkz91s12pn40zxfyhw0ysyw0000gn/T/"/>
    <property name="idea.version" value="2020.2"/>
    <property name="java.version" value="1.8.0_60"/>
    <property name="user.dir" value="/Users/ramukunireddy/Documents/bdd-automation/bdd-java-selenium"/>
    <property name="os.arch" value="x86_64"/>
    <property name="java.vm.specification.name" value="Java Virtual Machine Specification"/>
    <property name="java.awt.printerjob" value="sun.lwawt.macosx.CPrinterJob"/>
    <property name="sun.os.patch.level" value="unknown"/>
    <property name="java.library.path" value="/Users/ramukunireddy/Library/Java/Extensions:/Library/Java/Extensions:/Network/Library/Java/Extensions:/System/Library/Java/Extensions:/usr/lib/java:."/>
    <property name="java.vm.info" value="mixed mode"/>
    <property name="java.vendor" value="Oracle Corporation"/>
    <property name="java.vm.version" value="25.60-b23"/>
    <property name="java.ext.dirs" value="/Users/ramukunireddy/Library/Java/Extensions:/Library/Java/JavaVirtualMachines/jdk1.8.0_60.jdk/Contents/Home/jre/lib/ext:/Library/Java/Extensions:/Network/Library/Java/Extensions:/System/Library/Java/Extensions:/usr/lib/java"/>
    <property name="sun.io.unicode.encoding" value="UnicodeBig"/>
    <property name="java.class.version" value="52.0"/>
    <property name="socksNonProxyHosts" value="local|*.local|169.254/16|*.169.254/16"/>
  </properties>
  <testcase name="Given I navigate to &quot;stage_rc&quot;" classname="Scenario: validate Central Saas login for existing user" time="0">
    <skipped/>
  </testcase>
  <testcase name="Then I should see page title as &quot; Sign in to Portworx &quot;" classname="Scenario: validate Central Saas login for existing user" time="0">
    <skipped/>
  </testcase>
  <testcase name="Scenario: validate Central Saas login for existing user" classname="Scenario: validate Central Saas login for existing user" time="0">
    <skipped/>
  </testcase>
  <testcase name="Scenario: validate Central Saas login for existing user" classname="Scenario: validate Central Saas login for existing user" time="0.009"/>
</testsuite>